<?xml version="1.0" encoding="UTF-8"?>
<coverage generated="1691739282520" clover="3.2.0">
  <project timestamp="1691739282520" name="All files">
    <metrics statements="38" coveredstatements="38" conditionals="17" coveredconditionals="17" methods="9" coveredmethods="9" elements="64" coveredelements="64" complexity="0" loc="38" ncloc="38" packages="1" files="7" classes="7"/>
    <file name="bowman.js" path="D:\Нетологи js\homeworks advanced\hw5\src\js\bowman.js">
      <metrics statements="3" coveredstatements="3" conditionals="1" coveredconditionals="1" methods="1" coveredmethods="1"/>
      <line num="5" count="1" type="stmt"/>
      <line num="6" count="1" type="stmt"/>
      <line num="7" count="1" type="stmt"/>
    </file>
    <file name="daemon.js" path="D:\Нетологи js\homeworks advanced\hw5\src\js\daemon.js">
      <metrics statements="3" coveredstatements="3" conditionals="1" coveredconditionals="1" methods="1" coveredmethods="1"/>
      <line num="5" count="1" type="stmt"/>
      <line num="6" count="1" type="stmt"/>
      <line num="7" count="1" type="stmt"/>
    </file>
    <file name="magician.js" path="D:\Нетологи js\homeworks advanced\hw5\src\js\magician.js">
      <metrics statements="3" coveredstatements="3" conditionals="1" coveredconditionals="1" methods="1" coveredmethods="1"/>
      <line num="5" count="1" type="stmt"/>
      <line num="6" count="1" type="stmt"/>
      <line num="7" count="1" type="stmt"/>
    </file>
    <file name="swordsman.js" path="D:\Нетологи js\homeworks advanced\hw5\src\js\swordsman.js">
      <metrics statements="3" coveredstatements="3" conditionals="1" coveredconditionals="1" methods="1" coveredmethods="1"/>
      <line num="5" count="6" type="stmt"/>
      <line num="6" count="6" type="stmt"/>
      <line num="7" count="6" type="stmt"/>
    </file>
    <file name="undead.js" path="D:\Нетологи js\homeworks advanced\hw5\src\js\undead.js">
      <metrics statements="3" coveredstatements="3" conditionals="1" coveredconditionals="1" methods="1" coveredmethods="1"/>
      <line num="5" count="1" type="stmt"/>
      <line num="6" count="1" type="stmt"/>
      <line num="7" count="1" type="stmt"/>
    </file>
    <file name="zombie.js" path="D:\Нетологи js\homeworks advanced\hw5\src\js\zombie.js">
      <metrics statements="3" coveredstatements="3" conditionals="1" coveredconditionals="1" methods="1" coveredmethods="1"/>
      <line num="5" count="1" type="stmt"/>
      <line num="6" count="1" type="stmt"/>
      <line num="7" count="1" type="stmt"/>
    </file>
    <file name="сharacter.js" path="D:\Нетологи js\homeworks advanced\hw5\src\js\сharacter.js">
      <metrics statements="20" coveredstatements="20" conditionals="11" coveredconditionals="11" methods="3" coveredmethods="3"/>
      <line num="4" count="16" type="cond" truecount="5" falsecount="0"/>
      <line num="5" count="2" type="stmt"/>
      <line num="8" count="14" type="stmt"/>
      <line num="9" count="14" type="cond" truecount="2" falsecount="0"/>
      <line num="10" count="1" type="stmt"/>
      <line num="13" count="13" type="stmt"/>
      <line num="14" count="13" type="stmt"/>
      <line num="15" count="13" type="stmt"/>
      <line num="16" count="13" type="stmt"/>
      <line num="17" count="13" type="stmt"/>
      <line num="18" count="13" type="stmt"/>
      <line num="22" count="4" type="cond" truecount="2" falsecount="0"/>
      <line num="23" count="1" type="stmt"/>
      <line num="26" count="3" type="stmt"/>
      <line num="27" count="3" type="stmt"/>
      <line num="28" count="3" type="stmt"/>
      <line num="29" count="3" type="stmt"/>
      <line num="33" count="4" type="cond" truecount="2" falsecount="0"/>
      <line num="34" count="1" type="stmt"/>
      <line num="36" count="3" type="stmt"/>
    </file>
  </project>
</coverage>
