TN:
SF:src\index.js
FN:4,(anonymous_0)
FN:23,(anonymous_1)
FN:34,(anonymous_2)
FN:43,(anonymous_3)
FN:49,(anonymous_4)
FN:55,(anonymous_5)
FN:61,(anonymous_6)
FN:67,(anonymous_7)
FN:73,(anonymous_8)
FNF:9
FNH:9
FNDA:17,(anonymous_0)
FNDA:4,(anonymous_1)
FNDA:4,(anonymous_2)
FNDA:1,(anonymous_3)
FNDA:1,(anonymous_4)
FNDA:1,(anonymous_5)
FNDA:1,(anonymous_6)
FNDA:1,(anonymous_7)
FNDA:1,(anonymous_8)
DA:6,17
DA:7,3
DA:10,14
DA:11,14
DA:12,1
DA:15,13
DA:16,13
DA:17,13
DA:18,13
DA:19,13
DA:20,13
DA:24,4
DA:25,1
DA:28,3
DA:29,3
DA:30,3
DA:31,3
DA:35,4
DA:36,1
DA:38,3
DA:44,1
DA:50,1
DA:56,1
DA:62,1
DA:68,1
DA:74,1
LF:26
LH:26
BRDA:6,0,0,3
BRDA:6,0,1,14
BRDA:6,1,0,17
BRDA:6,1,1,17
BRDA:6,1,2,15
BRDA:11,2,0,1
BRDA:11,2,1,13
BRDA:24,3,0,1
BRDA:24,3,1,3
BRDA:35,4,0,1
BRDA:35,4,1,3
BRF:11
BRH:11
end_of_record
